#-----------------------------------------------------------
# PlanAhead v14.7 (64-bit)
# Build 321239 by xbuild on Fri Sep 27 19:29:51 MDT 2013
# Start of session at: Thu May 18 10:35:53 2017
# Process ID: 2028
# Log file: C:/Users/jani/Desktop/LUCID intern/ise projects/ttllogic ctr/ttlctr/planAhead_run_1/planAhead.log
# Journal file: C:/Users/jani/Desktop/LUCID intern/ise projects/ttllogic ctr/ttlctr/planAhead_run_1/planAhead.jou
#-----------------------------------------------------------
INFO: [Common 17-78] Attempting to get a license: PlanAhead
INFO: [Common 17-290] Got license for PlanAhead
INFO: [Common 17-86] Your PlanAhead license expires in -869 day(s)
INFO: [Device 21-36] Loading parts and site information from C:/Xilinx/14.7/ISE_DS/PlanAhead/data/parts/arch.xml
Parsing RTL primitives file [C:/Xilinx/14.7/ISE_DS/PlanAhead/data/parts/xilinx/rtl/prims/rtl_prims.xml]
Finished parsing RTL primitives file [C:/Xilinx/14.7/ISE_DS/PlanAhead/data/parts/xilinx/rtl/prims/rtl_prims.xml]
start_gui
source {C:/Users/jani/Desktop/LUCID intern/ise projects/ttllogic ctr/ttlctr/pa.fromHdl.tcl}
# create_project -name ttlctr -dir "C:/Users/jani/Desktop/LUCID intern/ise projects/ttllogic ctr/ttlctr/planAhead_run_1" -part xc6slx9csg324-3
create_project: Time (s): elapsed = 00:00:06 . Memory (MB): peak = 483.738 ; gain = 65.461
# set_param project.pinAheadLayout yes
# set srcset [get_property srcset [current_run -impl]]
# set_property target_constrs_file "ttllogicctr.ucf" [current_fileset -constrset]
Adding file 'C:/Users/jani/Desktop/LUCID intern/ise projects/ttllogic ctr/ttlctr/ttllogicctr.ucf' to fileset 'constrs_1'
# set hdlfile [add_files [list {ttllogicctr.v}]]
# set_property file_type Verilog $hdlfile
# set_property library work $hdlfile
# set_property top ttllogicctr $srcset
# add_files [list {ttllogicctr.ucf}] -fileset [get_property constrset [current_run]]
# open_rtl_design -part xc6slx9csg324-3
Using Verific elaboration
Parsing VHDL file "C:/Xilinx/14.7/ISE_DS/PlanAhead/data/parts/xilinx/rtl/lib/synplify/synattr.vhd" into library synplify
Analyzing Verilog file "C:/Users/jani/Desktop/LUCID intern/ise projects/ttllogic ctr/ttlctr/ttllogicctr.v" into library work
Loading clock regions from C:/Xilinx/14.7/ISE_DS/PlanAhead/data\parts/xilinx/spartan6/spartan6lx/xc6slx9/ClockRegion.xml
Loading clock buffers from C:/Xilinx/14.7/ISE_DS/PlanAhead/data\parts/xilinx/spartan6/spartan6lx/xc6slx9/ClockBuffers.xml
Loading package pin functions from C:/Xilinx/14.7/ISE_DS/PlanAhead/data\parts/xilinx/spartan6/PinFunctions.xml...
Loading package from C:/Xilinx/14.7/ISE_DS/PlanAhead/data\parts/xilinx/spartan6/spartan6lx/xc6slx9/csg324/Package.xml
Loading io standards from C:/Xilinx/14.7/ISE_DS/PlanAhead/data\./parts/xilinx/spartan6/IOStandards.xml
Loading device configuration modes from C:/Xilinx/14.7/ISE_DS/PlanAhead/data\parts/xilinx/spartan6/ConfigModes.xml
Loading list of drcs for the architecture : C:/Xilinx/14.7/ISE_DS/PlanAhead/data\./parts/xilinx/spartan6/drc.xml
Parsing UCF File [C:/Users/jani/Desktop/LUCID intern/ise projects/ttllogic ctr/ttlctr/ttllogicctr.ucf]
Finished Parsing UCF File [C:/Users/jani/Desktop/LUCID intern/ise projects/ttllogic ctr/ttlctr/ttllogicctr.ucf]
INFO: [Project 1-111] Unisim Transformation Summary:
No Unisim elements were transformed.

Phase 0 | Netlist Checksum: 30b4d20d
open_rtl_design: Time (s): elapsed = 00:00:19 . Memory (MB): peak = 675.613 ; gain = 173.340
update_compile_order -fileset sim_1
startgroup
set_property package_pin M18 [get_ports ip]
endgroup
startgroup
set_property package_pin P15 [get_ports op]
endgroup
startgroup
set_property package_pin L18 [get_ports reset]
endgroup
set_property is_loc_fixed false [get_ports [list  reset]]
set_property is_loc_fixed true [get_ports [list  reset]]
set_property iostandard LVCMOS25 [get_ports [list ip]]
set_property pulltype PULLDOWN [get_ports [list ip]]
set_property pulltype PULLDOWN [get_ports [list reset]]
save_constraints
exit
ERROR: [PlanAhead 12-106] *** Exception: ui.h.b: Found deleted key in HTclEventBroker. Verify if the classes listed here call cleanup()
HTclEvent: SIGNAL_MODIFY   Classes: ui.views.aR 
HTclEvent: DEBUG_PORT_CONFIG_CHANGE   Classes: ui.views.aR 
HTclEvent: SIGNAL_BUS_MODIFY   Classes: ui.views.aR 
HTclEvent: DEBUG_CORE_CONFIG_CHANGE   Classes: ui.views.aR 
 (See C:/Users/jani/Desktop/LUCID intern/ise projects/ttllogic ctr/ttlctr\planAhead_pid2028.debug)
ERROR: [Common 17-39] 'stop_gui' failed due to earlier errors.
INFO: [Common 17-206] Exiting PlanAhead at Thu May 18 10:52:58 2017...
INFO: [Common 17-83] Releasing license: PlanAhead
