ISim log file
Running: C:\Users\jani\Desktop\LUCID intern\ise projects\ttllogic ctr\ttlctr\ttllogicctr_isim_beh.exe -intstyle ise -gui -tclbatch isim.cmd -wdb C:/Users/jani/Desktop/LUCID intern/ise projects/ttllogic ctr/ttlctr/ttllogicctr_isim_beh.wdb 
ISim P.20131013 (signature 0x7708f090)
WARNING: A WEBPACK license was found.
WARNING: Please use Xilinx License Configuration Manager to check out a full ISim license.
WARNING: ISim will run in Lite mode. Please refer to the ISim documentation for more information on the differences between the Lite and the Full version.
This is a Lite version of ISim.
Time resolution is 1 ps
# onerror resume
# wave add /
# run 1000 ns
Simulator is doing circuit initialization process.
Finished circuit initialization process.
# isim force add /ttllogicctr/clk 0 -radix bin -value 1 -radix bin -time 500 ns -repeat 1 us
# run 1.00us
# run 1.00us
# run 1.00us
# isim force add /ttllogicctr/ip 0 -radix bin -value 1 -radix bin -time 500 ns -repeat 1 us
# run 1.00us
# run 1.00us
# run 1.00us
# run 1.00us
# run 1.00us
# run 1.00us
# run 1.00us
# run 1.00us
# run 1.00us
# run 1.00us
# run 1.00us
